Reading time series data file
Nonshared cache: Allocating 4058283640 bytes of memory
Caching reusable data
0/1663231 (0% complete)
100000/1663231 (6.01239% complete)
200000/1663231 (12.0248% complete)
300000/1663231 (18.0372% complete)
400000/1663231 (24.0496% complete)
500000/1663231 (30.062% complete)
600000/1663231 (36.0744% complete)
700000/1663231 (42.0868% complete)
800000/1663231 (48.0992% complete)
900000/1663231 (54.1115% complete)
1000000/1663231 (60.1239% complete)
1100000/1663231 (66.1363% complete)
1200000/1663231 (72.1487% complete)
1300000/1663231 (78.1611% complete)
1400000/1663231 (84.1735% complete)
1500000/1663231 (90.1859% complete)
1600000/1663231 (96.1983% complete)
Querying from 0
starting: 0
done
Query complete
Querying from 1
starting: 1
done
Query complete
Querying from 2
starting: 2
done
Query complete
Querying from 3
starting: 3
done
Query complete
Querying from 4
starting: 4
done
Query complete
Querying from 5
starting: 5
done
Query complete
Querying from 6
starting: 6
done
Query complete
Querying from 7
starting: 7
done
Query complete
Querying from 8
starting: 8
done
Query complete
Querying from 9
starting: 9
done
Query complete
Querying from 10
starting: 10
done
Query complete
Querying from 11
starting: 11
Reading time series data file
Nonshared cache: Allocating 4058283640 bytes of memory
Caching reusable data
0/1663231 (0% complete)
100000/1663231 (6.01239% complete)
200000/1663231 (12.0248% complete)
300000/1663231 (18.0372% complete)
400000/1663231 (24.0496% complete)
500000/1663231 (30.062% complete)
600000/1663231 (36.0744% complete)
700000/1663231 (42.0868% complete)
800000/1663231 (48.0992% complete)
900000/1663231 (54.1115% complete)
1000000/1663231 (60.1239% complete)
1100000/1663231 (66.1363% complete)
1200000/1663231 (72.1487% complete)
1300000/1663231 (78.1611% complete)
1400000/1663231 (84.1735% complete)
1500000/1663231 (90.1859% complete)
1600000/1663231 (96.1983% complete)
Querying from 0
starting: 0
done
Query complete
Querying from 1
starting: 1
done
Query complete
Querying from 2
starting: 2
done
Query complete
Querying from 3
starting: 3
done
Query complete
Querying from 4
starting: 4
done
Query complete
Querying from 5
starting: 5
done
Query complete
Querying from 6
starting: 6
done
Query complete
Querying from 7
starting: 7
done
Query complete
Querying from 8
starting: 8
done
Query complete
Querying from 9
starting: 9
done
Query complete
Querying from 10
starting: 10
done
Query complete
Querying from 11
starting: 11
done
Query complete
Querying from 12
starting: 12
done
Query complete
Querying from 13
starting: 13
done
Query complete
Querying from 14
starting: 14
done
Query complete
Querying from 15
starting: 15
done
Query complete
Querying from 16
starting: 16
done
Query complete
Querying from 17
starting: 17
done
Query complete
Querying from 18
starting: 18
done
Query complete
Querying from 19
starting: 19
done
Query complete
Querying from 20
starting: 20
done
Query complete
Querying from 21
starting: 21
done
Query complete
Querying from 22
starting: 22
done
Query complete
Querying from 23
starting: 23
done
Query complete
Querying from 24
starting: 24
done
Query complete
Querying from 25
starting: 25
done
Query complete
Querying from 26
starting: 26
done
Query complete
Querying from 27
starting: 27
done
Query complete
Querying from 28
starting: 28
done
Query complete
Querying from 29
starting: 29
done
Query complete
Querying from 30
starting: 30
done
Query complete
Querying from 31
starting: 31
done
Query complete
Querying from 32
starting: 32
done
Query complete
Querying from 33
starting: 33
done
Query complete
Querying from 34
starting: 34
done
Query complete
Querying from 35
starting: 35
done
Query complete
Querying from 36
starting: 36
done
Query complete
Querying from 37
starting: 37
done
Query complete
Querying from 38
starting: 38
done
Query complete
Querying from 39
starting: 39
done
Query complete
Querying from 40
starting: 40
done
Query complete
Querying from 41
starting: 41
done
Query complete
Querying from 42
starting: 42
done
Query complete
Querying from 43
starting: 43
done
Query complete
Querying from 44
starting: 44
done
Query complete
Querying from 45
starting: 45
done
Query complete
Querying from 46
starting: 46
done
Query complete
Querying from 47
starting: 47
done
Query complete
Querying from 48
starting: 48
done
Query complete
Querying from 49
starting: 49
done
Query complete
Querying from 50
starting: 50
done
Query complete
Querying from 51
starting: 51
done
Query complete
Querying from 52
starting: 52
done
Query complete
Querying from 53
starting: 53
done
Query complete
Querying from 54
starting: 54
done
Query complete
Querying from 55
starting: 55
done
Query complete
Querying from 56
starting: 56
done
Query complete
Querying from 57
starting: 57
done
Query complete
Querying from 58
starting: 58
done
Query complete
Querying from 59
starting: 59
done
Query complete
Querying from 60
starting: 60
